# JRE version: OpenJDK Runtime Environment (8.0_151-b12) (build 1.8.0_151-8u151-b12-0ubuntu0.16.04.2-b12)
# Java VM: OpenJDK 64-Bit Server VM (25.151-b12 mixed mode linux-amd64 compressed oops)
Heap:
 PSYoungGen      total 36864K, used 2071K [0x00000000d7400000, 0x00000000dbc00000, 0x0000000100000000)
  eden space 31744K, 6% used [0x00000000d7400000,0x00000000d7605d30,0x00000000d9300000)
  from space 5120K, 0% used [0x00000000d9800000,0x00000000d9800000,0x00000000d9d00000)
  to   space 5120K, 0% used [0x00000000d9300000,0x00000000d9300000,0x00000000d9800000)
 ParOldGen       total 54272K, used 7984K [0x0000000085c00000, 0x0000000089100000, 0x00000000d7400000)
  object space 54272K, 14% used [0x0000000085c00000,0x00000000863cc198,0x0000000089100000)
 Metaspace       used 20860K, capacity 21157K, committed 21504K, reserved 1069056K
  class space    used 2154K, capacity 2277K, committed 2304K, reserved 1048576K
GC Heap History (6 events):
Event: 2.636 GC heap before
{Heap before GC invocations=1 (full 0):
 PSYoungGen      total 36864K, used 31744K [0x00000000d7400000, 0x00000000d9d00000, 0x0000000100000000)
  eden space 31744K, 100% used [0x00000000d7400000,0x00000000d9300000,0x00000000d9300000)
  from space 5120K, 0% used [0x00000000d9800000,0x00000000d9800000,0x00000000d9d00000)
  to   space 5120K, 0% used [0x00000000d9300000,0x00000000d9300000,0x00000000d9800000)
 ParOldGen       total 84992K, used 0K [0x0000000085c00000, 0x000000008af00000, 0x00000000d7400000)
  object space 84992K, 0% used [0x0000000085c00000,0x0000000085c00000,0x000000008af00000)
 Metaspace       used 15636K, capacity 15878K, committed 16000K, reserved 1062912K
  class space    used 1832K, capacity 1919K, committed 1920K, reserved 1048576K
Event: 2.643 GC heap after
Heap after GC invocations=1 (full 0):
 PSYoungGen      total 36864K, used 5002K [0x00000000d7400000, 0x00000000d9d00000, 0x0000000100000000)
  eden space 31744K, 0% used [0x00000000d7400000,0x00000000d7400000,0x00000000d9300000)
  from space 5120K, 97% used [0x00000000d9300000,0x00000000d97e2be8,0x00000000d9800000)
  to   space 5120K, 0% used [0x00000000d9800000,0x00000000d9800000,0x00000000d9d00000)
 ParOldGen       total 84992K, used 16K [0x0000000085c00000, 0x000000008af00000, 0x00000000d7400000)
  object space 84992K, 0% used [0x0000000085c00000,0x0000000085c04000,0x000000008af00000)
 Metaspace       used 15636K, capacity 15878K, committed 16000K, reserved 1062912K
  class space    used 1832K, capacity 1919K, committed 1920K, reserved 1048576K
}
Event: 3.026 GC heap before
{Heap before GC invocations=2 (full 0):
 PSYoungGen      total 36864K, used 22733K [0x00000000d7400000, 0x00000000d9d00000, 0x0000000100000000)
  eden space 31744K, 55% used [0x00000000d7400000,0x00000000d8550ac0,0x00000000d9300000)
  from space 5120K, 97% used [0x00000000d9300000,0x00000000d97e2be8,0x00000000d9800000)
  to   space 5120K, 0% used [0x00000000d9800000,0x00000000d9800000,0x00000000d9d00000)
 ParOldGen       total 84992K, used 16K [0x0000000085c00000, 0x000000008af00000, 0x00000000d7400000)
  object space 84992K, 0% used [0x0000000085c00000,0x0000000085c04000,0x000000008af00000)
 Metaspace       used 20811K, capacity 21093K, committed 21248K, reserved 1069056K
  class space    used 2148K, capacity 2277K, committed 2304K, reserved 1048576K
Event: 3.046 GC heap after
Heap after GC invocations=2 (full 0):
 PSYoungGen      total 36864K, used 5103K [0x00000000d7400000, 0x00000000dbc00000, 0x0000000100000000)
  eden space 31744K, 0% used [0x00000000d7400000,0x00000000d7400000,0x00000000d9300000)
  from space 5120K, 99% used [0x00000000d9800000,0x00000000d9cfbe80,0x00000000d9d00000)
  to   space 5120K, 0% used [0x00000000d9300000,0x00000000d9300000,0x00000000d9800000)
 ParOldGen       total 84992K, used 2996K [0x0000000085c00000, 0x000000008af00000, 0x00000000d7400000)
  object space 84992K, 3% used [0x0000000085c00000,0x0000000085eed000,0x000000008af00000)
 Metaspace       used 20811K, capacity 21093K, committed 21248K, reserved 1069056K
  class space    used 2148K, capacity 2277K, committed 2304K, reserved 1048576K
}
Event: 3.046 GC heap before
{Heap before GC invocations=3 (full 1):
 PSYoungGen      total 36864K, used 5103K [0x00000000d7400000, 0x00000000dbc00000, 0x0000000100000000)
  eden space 31744K, 0% used [0x00000000d7400000,0x00000000d7400000,0x00000000d9300000)
  from space 5120K, 99% used [0x00000000d9800000,0x00000000d9cfbe80,0x00000000d9d00000)
  to   space 5120K, 0% used [0x00000000d9300000,0x00000000d9300000,0x00000000d9800000)
 ParOldGen       total 84992K, used 2996K [0x0000000085c00000, 0x000000008af00000, 0x00000000d7400000)
  object space 84992K, 3% used [0x0000000085c00000,0x0000000085eed000,0x000000008af00000)
 Metaspace       used 20811K, capacity 21093K, committed 21248K, reserved 1069056K
  class space    used 2148K, capacity 2277K, committed 2304K, reserved 1048576K
Event: 3.083 GC heap after
Heap after GC invocations=3 (full 1):
 PSYoungGen      total 36864K, used 0K [0x00000000d7400000, 0x00000000dbc00000, 0x0000000100000000)
  eden space 31744K, 0% used [0x00000000d7400000,0x00000000d7400000,0x00000000d9300000)
  from space 5120K, 0% used [0x00000000d9800000,0x00000000d9800000,0x00000000d9d00000)
  to   space 5120K, 0% used [0x00000000d9300000,0x00000000d9300000,0x00000000d9800000)
 ParOldGen       total 54272K, used 7984K [0x0000000085c00000, 0x0000000089100000, 0x00000000d7400000)
  object space 54272K, 14% used [0x0000000085c00000,0x00000000863cc198,0x0000000089100000)
 Metaspace       used 20811K, capacity 21093K, committed 21248K, reserved 1069056K
  class space    used 2148K, capacity 2277K, committed 2304K, reserved 1048576K
}

